<?xml version="1.0" encoding="UTF-8"?>
<testsuite name="de.ptminstaller.LibreOfficeErkennungTest" tests="2" skipped="0" failures="0" errors="0" timestamp="2026-04-20T08:47:05.438Z" hostname="massee-firma" time="0.103">
  <properties/>
  <testcase name="findeUnopkg_gibtOptionalZurueck()" classname="de.ptminstaller.LibreOfficeErkennungTest" time="0.092"/>
  <testcase name="findeUnopkg_wennLoInstalliert_dannPfadVorhanden()" classname="de.ptminstaller.LibreOfficeErkennungTest" time="0.009"/>
  <system-out><![CDATA[]]></system-out>
  <system-err><![CDATA[Apr. 20, 2026 10:47:05 AM de.petanqueturniermanager.installer.service.LibreOfficeErkennung sucheInSystemPath
INFORMATION: unopkg über PATH gefunden: /usr/bin/unopkg
Apr. 20, 2026 10:47:05 AM de.petanqueturniermanager.installer.service.LibreOfficeErkennung sucheInSystemPath
INFORMATION: unopkg über PATH gefunden: /usr/bin/unopkg
]]></system-err>
</testsuite>
