<?xml version="1.0" encoding="UTF-8"?>
<testsuite name="de.ptminstaller.LibreOfficeJavaPrueferTest" tests="4" skipped="0" failures="0" errors="0" timestamp="2026-04-20T08:47:05.545Z" hostname="massee-firma" time="0.18">
  <properties/>
  <testcase name="pruefErgebnis_veraltet_istGefundenAberMitWarnung()" classname="de.ptminstaller.LibreOfficeJavaPrueferTest" time="0.003"/>
  <testcase name="pruefErgebnis_nichtGefunden_hatWarnung()" classname="de.ptminstaller.LibreOfficeJavaPrueferTest" time="0.001"/>
  <testcase name="pruefeJavaVersion_gibtErgebnisZurueck()" classname="de.ptminstaller.LibreOfficeJavaPrueferTest" time="0.172"/>
  <testcase name="pruefErgebnis_ok_hatKeineWarnung()" classname="de.ptminstaller.LibreOfficeJavaPrueferTest" time="0.003"/>
  <system-out><![CDATA[]]></system-out>
  <system-err><![CDATA[]]></system-err>
</testsuite>
